\BOOKMARK [0][-]{bm@frontpage.0}{\376\377\134\001\227\142}{}% 1
\BOOKMARK [0][-]{bm@declarationpage.0}{\376\377\130\360\146\016}{}% 2
\BOOKMARK [0][-]{bm@abstractname.0}{\376\377\144\130\211\201}{}% 3
\BOOKMARK [0][-]{bm@ABSTRACTNAME.0}{\376\377\000A\000b\000s\000t\000r\000a\000c\000t}{}% 4
\BOOKMARK [0][-]{bm@contentsname.0}{\376\377\166\356\137\125}{}% 5
\BOOKMARK [0][-]{bm@listfigurename.0}{\376\377\126\376\166\356\137\125}{}% 6
\BOOKMARK [0][-]{bm@listtablename.0}{\376\377\210\150\166\356\137\125}{}% 7
\BOOKMARK [0][-]{chapter.1}{\376\377\173\054\0001\172\340\000\040\000\040\176\352\213\272}{}% 8
\BOOKMARK [1][-]{section.1.1}{\376\377\0001\000.\0001\000\040\213\376\230\230\200\314\146\157}{chapter.1}% 9
\BOOKMARK [1][-]{section.1.2}{\376\377\0001\000.\0002\000\040\166\356\166\204\141\017\116\111}{chapter.1}% 10
\BOOKMARK [1][-]{section.1.3}{\376\377\0001\000.\0003\000\040\213\272\145\207\116\073\211\201\135\345\117\134}{chapter.1}% 11
\BOOKMARK [1][-]{section.1.4}{\376\377\0001\000.\0004\000\040\213\272\145\207\176\304\176\307\176\323\147\204}{chapter.1}% 12
\BOOKMARK [0][-]{chapter.2}{\376\377\173\054\0002\172\340\000\040\000\040\166\370\121\163\142\200\147\057\124\214\164\006\213\272\127\372\170\100}{}% 13
\BOOKMARK [1][-]{section.2.1}{\376\377\0002\000.\0001\000\040\000T\000s\000e\000t\000l\000i\000n\000\040\000M\000a\000c\000h\000i\000n\000e}{chapter.2}% 14
\BOOKMARK [1][-]{section.2.2}{\376\377\0002\000.\0002\000\040\000R\000e\000g\000r\000e\000s\000s\000i\000o\000n\000\040\000a\000l\000g\000o\000r\000i\000t\000h\000m}{chapter.2}% 15
\BOOKMARK [0][-]{chapter.3}{\376\377\173\054\0003\172\340\000\040\000\040\174\373\176\337\122\006\147\220\000\050\227\000\154\102\122\006\147\220\000\051}{}% 16
\BOOKMARK [0][-]{chapter.4}{\376\377\173\054\0004\172\340\000\040\000\040\174\373\176\337\213\276\213\241}{}% 17
\BOOKMARK [1][-]{section.4.1}{\376\377\0004\000.\0001\000\040\140\073\117\123\213\276\213\241}{chapter.4}% 18
\BOOKMARK [0][-]{chapter.5}{\376\377\173\054\0005\172\340\000\040\000\040\174\373\176\337\133\236\163\260\116\016\155\113\213\325}{}% 19
\BOOKMARK [1][-]{section.5.1}{\376\377\0005\000.\0001\000\040\174\373\176\337\133\236\163\260}{chapter.5}% 20
\BOOKMARK [0][-]{chapter.6}{\376\377\173\054\0006\172\340\000\040\000\040\140\073\176\323\124\214\134\125\147\033\000\040}{}% 21
\BOOKMARK [1][-]{section.6.1}{\376\377\0006\000.\0001\000\040\147\054\145\207\140\073\176\323}{chapter.6}% 22
\BOOKMARK [1][-]{section.6.2}{\376\377\0006\000.\0002\000\040\147\052\147\145\134\125\147\033}{chapter.6}% 23
\BOOKMARK [0][-]{appendix.A}{\376\377\226\104\137\125\000\040\000A\000\040\000\040\156\220\170\001}{}% 24
\BOOKMARK [0][-]{section*.6}{\376\377\123\302\200\003\145\207\163\056}{}% 25
\BOOKMARK [0][-]{section*.7}{\376\377\201\364\214\042}{}% 26
